{
  "RSpec": {
    "coverage": {
      "/home/obale/sourcecode/sigimera/sigimera-meta/libs/sigimera-ruby-client/lib/sigimera.rb": [
        null,
        null,
        null,
        null,
        null,
        null,
        null,
        null,
        1,
        null,
        1,
        null,
        null,
        1,
        null,
        null,
        1,
        1,
        1,
        null,
        1
      ],
      "/home/obale/sourcecode/sigimera/sigimera-meta/libs/sigimera-ruby-client/lib/sigimera/http_helper.rb": [
        null,
        1,
        null,
        1,
        null,
        1,
        null,
        null,
        null,
        null,
        null,
        1,
        14,
        null,
        14,
        14,
        14,
        null,
        14,
        null,
        null,
        null,
        null,
        null,
        null,
        null,
        1,
        1,
        null,
        1,
        1,
        1,
        1,
        null,
        1,
        null,
        null,
        null,
        null,
        null,
        null,
        1,
        1,
        null,
        1,
        1,
        null,
        1,
        null,
        null,
        1,
        null,
        null,
        null,
        1,
        16,
        null,
        16,
        16,
        16,
        16,
        16,
        16,
        null,
        null,
        16,
        null,
        null,
        null
      ],
      "/home/obale/sourcecode/sigimera/sigimera-meta/libs/sigimera-ruby-client/lib/sigimera/client.rb": [
        null,
        1,
        1,
        1,
        null,
        1,
        null,
        1,
        1,
        null,
        1,
        6,
        6,
        null,
        null,
        null,
        null,
        null,
        null,
        1,
        1,
        1,
        1,
        null,
        null,
        null,
        null,
        null,
        null,
        1,
        1,
        1,
        1,
        null,
        null,
        null,
        null,
        null,
        null,
        1,
        1,
        1,
        1,
        null,
        null,
        null,
        null,
        null,
        null,
        null,
        null,
        null,
        1,
        1,
        1,
        1,
        1,
        1,
        null,
        null,
        null,
        null,
        null,
        null,
        1,
        7,
        7,
        7,
        7,
        null,
        null,
        null,
        null,
        null,
        null,
        1,
        4,
        2,
        2,
        2,
        2,
        null,
        null,
        null,
        null,
        null,
        1,
        1,
        1,
        null,
        null,
        null,
        null,
        null,
        1,
        2,
        2,
        null,
        null,
        1,
        null,
        1,
        null,
        null,
        1,
        7,
        7,
        54,
        null,
        null,
        null,
        null,
        null
      ],
      "/home/obale/sourcecode/sigimera/sigimera-meta/libs/sigimera-ruby-client/lib/sigimera/data/crisis.rb": [
        null,
        null,
        null,
        null,
        null,
        null,
        null,
        null,
        1,
        null,
        null,
        null,
        1,
        null,
        1,
        60,
        null,
        null,
        null,
        1,
        16,
        null,
        null,
        null,
        1,
        9,
        null,
        null,
        null,
        null
      ]
    },
    "timestamp": 1354551715
  }
}
